<?xml version="1.0" encoding="UTF-8"?>
<testng-results ignored="0" total="1" passed="1" failed="0" skipped="0">
  <reporter-output>
  </reporter-output>
  <suite started-at="2020-05-29T18:19:22Z" name="WebDriver" finished-at="2020-05-29T18:19:32Z" duration-ms="9293">
    <groups>
    </groups>
    <test started-at="2020-05-29T18:19:22Z" name="Test" finished-at="2020-05-29T18:19:32Z" duration-ms="9293">
      <class name="phpapp.php">
        <test-method is-config="true" signature="launch()[pri:0, instance:phpapp.php@1786f9d5]" started-at="2020-05-29T18:19:22Z" name="launch" finished-at="2020-05-29T18:19:30Z" duration-ms="7079" status="PASS">
          <reporter-output>
          </reporter-output>
        </test-method> <!-- launch -->
        <test-method signature="verify()[pri:0, instance:phpapp.php@1786f9d5]" started-at="2020-05-29T18:19:30Z" name="verify" finished-at="2020-05-29T18:19:31Z" duration-ms="1012" status="PASS">
          <reporter-output>
          </reporter-output>
        </test-method> <!-- verify -->
        <test-method is-config="true" signature="close()[pri:0, instance:phpapp.php@1786f9d5]" started-at="2020-05-29T18:19:31Z" name="close" finished-at="2020-05-29T18:19:32Z" duration-ms="1176" status="PASS">
          <reporter-output>
          </reporter-output>
        </test-method> <!-- close -->
      </class> <!-- phpapp.php -->
    </test> <!-- Test -->
  </suite> <!-- WebDriver -->
</testng-results>
