<?xml version="1.0" encoding="UTF-8"?>
<testng-results ignored="0" total="1" passed="1" failed="0" skipped="0">
  <reporter-output>
  </reporter-output>
  <suite started-at="2020-05-29T22:40:36 IST" name="WebDriver" finished-at="2020-05-29T22:40:44 IST" duration-ms="8256">
    <groups>
    </groups>
    <test started-at="2020-05-29T22:40:36 IST" name="Test" finished-at="2020-05-29T22:40:44 IST" duration-ms="8256">
      <class name="phpapp.php">
        <test-method is-config="true" signature="launch()[pri:0, instance:phpapp.php@7219ec67]" started-at="2020-05-29T22:40:36 IST" name="launch" finished-at="2020-05-29T22:40:43 IST" duration-ms="6856" status="PASS">
          <reporter-output>
          </reporter-output>
        </test-method> <!-- launch -->
        <test-method signature="verify()[pri:0, instance:phpapp.php@7219ec67]" started-at="2020-05-29T22:40:43 IST" name="verify" finished-at="2020-05-29T22:40:44 IST" duration-ms="685" status="PASS">
          <reporter-output>
          </reporter-output>
        </test-method> <!-- verify -->
        <test-method is-config="true" signature="close()[pri:0, instance:phpapp.php@7219ec67]" started-at="2020-05-29T22:40:44 IST" name="close" finished-at="2020-05-29T22:40:44 IST" duration-ms="655" status="PASS">
          <reporter-output>
          </reporter-output>
        </test-method> <!-- close -->
      </class> <!-- phpapp.php -->
    </test> <!-- Test -->
  </suite> <!-- WebDriver -->
</testng-results>
